<?xml version="1.0" encoding="UTF-8"?>
<!-- Generated by org.testng.reporters.JUnitXMLReporter -->
<testsuite ignored="1" hostname="SravanKumar" failures="0" tests="1" name="Default test" time="6.475" errors="0" timestamp="2023-01-29T10:04:51 IST">
  <testcase classname="demoPackage.ChromeDriverDemo" name="firstTest" time="6.434"/>
  <testcase classname="demoPackage.ChromeDriverDemo" name="secondTest" time="0.0">
    <ignored/>
  </testcase> <!-- secondTest -->
</testsuite> <!-- Default test -->
