<?xml version="1.0" encoding="UTF-8"?>
<testng-results ignored="0" total="2" passed="2" failed="0" skipped="0">
  <reporter-output>
  </reporter-output>
  <suite started-at="2023-03-14T09:36:11 IST" name="Suite" finished-at="2023-03-14T09:36:21 IST" duration-ms="10347">
    <groups>
    </groups>
    <test started-at="2023-03-14T09:36:11 IST" name="ChromeTest1" finished-at="2023-03-14T09:36:21 IST" duration-ms="10347">
      <class name="demoPackage.ChromeDriverDemoTest">
        <test-method is-config="true" signature="beforeTest(java.lang.String)[pri:0, instance:demoPackage.ChromeDriverDemoTest@54422e18]" started-at="2023-03-14T09:36:11 IST" name="beforeTest" finished-at="2023-03-14T09:36:12 IST" duration-ms="1623" status="PASS">
          <params>
            <param index="0">
              <value>
                <![CDATA[chrome]]>
              </value>
            </param>
          </params>
          <reporter-output>
          </reporter-output>
        </test-method> <!-- beforeTest -->
        <test-method signature="firstTest()[pri:0, instance:demoPackage.ChromeDriverDemoTest@54422e18]" started-at="2023-03-14T09:36:12 IST" name="firstTest" finished-at="2023-03-14T09:36:17 IST" duration-ms="4836" status="PASS">
          <reporter-output>
          </reporter-output>
        </test-method> <!-- firstTest -->
        <test-method signature="secondTest()[pri:1, instance:demoPackage.ChromeDriverDemoTest@54422e18]" started-at="2023-03-14T09:36:17 IST" name="secondTest" finished-at="2023-03-14T09:36:21 IST" duration-ms="3843" status="PASS">
          <reporter-output>
          </reporter-output>
        </test-method> <!-- secondTest -->
      </class> <!-- demoPackage.ChromeDriverDemoTest -->
    </test> <!-- ChromeTest1 -->
  </suite> <!-- Suite -->
</testng-results>
